>-- ROOT - /examples/02-SourceMultiplePrototypes
| (root) BO_isSourced: 0
| Source ...
|--->-- SUB1 - /examples/02-SourceMultiplePrototypes/sub1
|---| (sub1) BO_isSourced: 
|---| Source ...
|---|--->-- SUB2 - /examples/02-SourceMultiplePrototypes/sub2
|---|---| (sub2) BO_isSourced: 
|---|---<-- SUB2 - /examples/02-SourceMultiplePrototypes/sub2
|---| Hello from SUB2
|---| (sub1) BO_isSourced: 
|---| Run ...
|---|--->-- SUB2 - /examples/02-SourceMultiplePrototypes/sub2
|---|---| (sub2) BO_isSourced: 0
|---|---<-- SUB2 - /examples/02-SourceMultiplePrototypes/sub2
|---| (sub1) BO_isSourced: 
|---<-- SUB1 - /examples/02-SourceMultiplePrototypes/sub1
| Hello from SUB1
|--->-- SUB2 - /examples/02-SourceMultiplePrototypes/sub2
|---| (sub2) BO_isSourced: 
|---<-- SUB2 - /examples/02-SourceMultiplePrototypes/sub2
| Hello from SUB2
| (root) BO_isSourced: 0
| Run ...
|--->-- SUB1 - /examples/02-SourceMultiplePrototypes/sub1
|---| (sub1) BO_isSourced: 0
|---| Source ...
|---|--->-- SUB2 - /examples/02-SourceMultiplePrototypes/sub2
|---|---| (sub2) BO_isSourced: 
|---|---<-- SUB2 - /examples/02-SourceMultiplePrototypes/sub2
|---| Hello from SUB2
|---| (sub1) BO_isSourced: 0
|---| Run ...
|---|--->-- SUB2 - /examples/02-SourceMultiplePrototypes/sub2
|---|---| (sub2) BO_isSourced: 0
|---|---<-- SUB2 - /examples/02-SourceMultiplePrototypes/sub2
|---| (sub1) BO_isSourced: 0
|---<-- SUB1 - /examples/02-SourceMultiplePrototypes/sub1
|--->-- SUB2 - /examples/02-SourceMultiplePrototypes/sub2
|---| (sub2) BO_isSourced: 0
|---<-- SUB2 - /examples/02-SourceMultiplePrototypes/sub2
| (root) BO_isSourced: 0
<-- ROOT - /examples/02-SourceMultiplePrototypes
