>>>TEST_IGNORE_LINE:"startTime": \d+<<<
>>>TEST_IGNORE_LINE:"duration": \d+<<<
>>>TEST_IGNORE_LINE:"start": \d+<<<
>>>TEST_IGNORE_LINE:"end": \d+<<<
[jest] START RUN
[jest] START SUITE: TeStLoCaLiZeD/main.js
[jest] RESULT: {
    "console": null,
    "failureMessage": null,
    "numFailingTests": 0,
    "numPassingTests": 1,
    "numPendingTests": 0,
    "perfStats": {
    },
    "snapshot": {
        "added": 0,
        "fileDeleted": false,
        "matched": 0,
        "unchecked": 0,
        "unmatched": 0,
        "updated": 0
    },
    "testFilePath": "TeStLoCaLiZeD/main.js",
    "testResults": [
        {
            "ancestorTitles": [],
            "failureMessages": [],
            "fullName": "Test",
            "numPassingAsserts": 0,
            "status": "passed",
            "title": "Test"
        }
    ],
    "sourceMaps": {},
    "skipped": false
}
[jest] RUN COMPLETE: {
    "numFailedTestSuites": 0,
    "numFailedTests": 0,
    "numPassedTestSuites": 1,
    "numPassedTests": 1,
    "numPendingTestSuites": 0,
    "numPendingTests": 0,
    "numRuntimeErrorTestSuites": 0,
    "numTotalTestSuites": 1,
    "numTotalTests": 1,
    "snapshot": {
        "added": 0,
        "didUpdate": false,
        "failure": false,
        "filesAdded": 0,
        "filesRemoved": 0,
        "filesUnmatched": 0,
        "filesUpdated": 0,
        "matched": 0,
        "total": 0,
        "unchecked": 0,
        "unmatched": 0,
        "updated": 0
    },
    "success": false,
    "testResults": [
        {
            "console": null,
            "failureMessage": null,
            "numFailingTests": 0,
            "numPassingTests": 1,
            "numPendingTests": 0,
            "perfStats": {
            },
            "snapshot": {
                "added": 0,
                "fileDeleted": false,
                "matched": 0,
                "unchecked": 0,
                "unmatched": 0,
                "updated": 0
            },
            "testFilePath": "TeStLoCaLiZeD/main.js",
            "testResults": [
                {
                    "ancestorTitles": [],
                    "failureMessages": [],
                    "fullName": "Test",
                    "numPassingAsserts": 0,
                    "status": "passed",
                    "title": "Test"
                }
            ],
            "sourceMaps": {},
            "skipped": false
        }
    ],
    "wasInterrupted": false
}
